#! /usr/bin/vvp
:ivl_version "10.3 (stable)";
:ivl_delay_selection "TYPICAL";
:vpi_time_precision - 9;
:vpi_module "system";
:vpi_module "vhdl_sys";
:vpi_module "v2005_math";
:vpi_module "va_math";
S_0x560e6dc3e090 .scope module, "fifo_tb" "fifo_tb" 2 2;
 .timescale -9 -9;
P_0x560e6dc15620 .param/l "height" 0 2 4, +C4<00000000000000000000000000001000>;
P_0x560e6dc15660 .param/l "width" 0 2 3, +C4<00000000000000000000000000000100>;
v0x560e6dc56630_0 .var "clk", 0 0;
v0x560e6dc566f0_0 .var "data_in", 3 0;
v0x560e6dc567c0_0 .net "data_out", 3 0, v0x560e6dc55db0_0;  1 drivers
v0x560e6dc568c0_0 .net "empthy", 0 0, v0x560e6dc55ea0_0;  1 drivers
v0x560e6dc56990_0 .net "full", 0 0, v0x560e6dc55f60_0;  1 drivers
v0x560e6dc56a30_0 .var "read", 0 0;
v0x560e6dc56b00_0 .var "rst", 0 0;
v0x560e6dc56bd0_0 .var "write", 0 0;
S_0x560e6dc04050 .scope module, "fifo_i" "fifo" 2 16, 3 2 0, S_0x560e6dc3e090;
 .timescale -9 -9;
    .port_info 0 /OUTPUT 4 "data_out"
    .port_info 1 /OUTPUT 1 "full"
    .port_info 2 /OUTPUT 1 "empthy"
    .port_info 3 /INPUT 1 "clk"
    .port_info 4 /INPUT 1 "rst"
    .port_info 5 /INPUT 4 "data_in"
    .port_info 6 /INPUT 1 "write"
    .port_info 7 /INPUT 1 "read"
P_0x560e6dc156b0 .param/l "height" 0 3 13, +C4<00000000000000000000000000001000>;
P_0x560e6dc156f0 .param/l "width" 0 3 12, +C4<00000000000000000000000000000100>;
v0x560e6dc04320_0 .net "clk", 0 0, v0x560e6dc56630_0;  1 drivers
v0x560e6dc55cd0_0 .net "data_in", 3 0, v0x560e6dc566f0_0;  1 drivers
v0x560e6dc55db0_0 .var "data_out", 3 0;
v0x560e6dc55ea0_0 .var "empthy", 0 0;
v0x560e6dc55f60_0 .var "full", 0 0;
v0x560e6dc56070 .array "memory", 0 7, 3 0;
v0x560e6dc56130_0 .net "read", 0 0, v0x560e6dc56a30_0;  1 drivers
v0x560e6dc561f0_0 .var "read_ptr", 7 0;
v0x560e6dc562d0_0 .net "rst", 0 0, v0x560e6dc56b00_0;  1 drivers
v0x560e6dc56390_0 .net "write", 0 0, v0x560e6dc56bd0_0;  1 drivers
v0x560e6dc56450_0 .var "write_ptr", 7 0;
E_0x560e6dc3b210 .event posedge, v0x560e6dc562d0_0, v0x560e6dc04320_0;
    .scope S_0x560e6dc04050;
T_0 ;
    %wait E_0x560e6dc3b210;
    %load/vec4 v0x560e6dc562d0_0;
    %flag_set/vec4 8;
    %jmp/0xz  T_0.0, 8;
    %pushi/vec4 0, 0, 4;
    %assign/vec4 v0x560e6dc55db0_0, 0;
    %pushi/vec4 0, 0, 8;
    %assign/vec4 v0x560e6dc561f0_0, 0;
    %pushi/vec4 0, 0, 8;
    %assign/vec4 v0x560e6dc56450_0, 0;
    %pushi/vec4 0, 0, 1;
    %assign/vec4 v0x560e6dc55f60_0, 0;
    %pushi/vec4 0, 0, 1;
    %assign/vec4 v0x560e6dc55ea0_0, 0;
    %jmp T_0.1;
T_0.0 ;
    %load/vec4 v0x560e6dc56390_0;
    %flag_set/vec4 8;
    %jmp/0xz  T_0.2, 8;
    %load/vec4 v0x560e6dc55cd0_0;
    %ix/getv 3, v0x560e6dc56450_0;
    %ix/load 4, 0, 0; Constant delay
    %assign/vec4/a/d v0x560e6dc56070, 0, 4;
    %load/vec4 v0x560e6dc56450_0;
    %pad/u 32;
    %cmpi/ne 8, 0, 32;
    %jmp/0xz  T_0.4, 4;
    %load/vec4 v0x560e6dc56450_0;
    %addi 1, 0, 8;
    %assign/vec4 v0x560e6dc56450_0, 0;
    %jmp T_0.5;
T_0.4 ;
    %pushi/vec4 1, 0, 1;
    %assign/vec4 v0x560e6dc55f60_0, 0;
T_0.5 ;
T_0.2 ;
    %load/vec4 v0x560e6dc56130_0;
    %flag_set/vec4 8;
    %jmp/0xz  T_0.6, 8;
    %ix/getv 4, v0x560e6dc561f0_0;
    %load/vec4a v0x560e6dc56070, 4;
    %assign/vec4 v0x560e6dc55db0_0, 0;
    %load/vec4 v0x560e6dc561f0_0;
    %pad/u 32;
    %cmpi/ne 8, 0, 32;
    %jmp/0xz  T_0.8, 4;
    %load/vec4 v0x560e6dc561f0_0;
    %addi 1, 0, 8;
    %assign/vec4 v0x560e6dc561f0_0, 0;
    %jmp T_0.9;
T_0.8 ;
    %pushi/vec4 1, 0, 1;
    %assign/vec4 v0x560e6dc55ea0_0, 0;
T_0.9 ;
T_0.6 ;
T_0.1 ;
    %jmp T_0;
    .thread T_0;
    .scope S_0x560e6dc3e090;
T_1 ;
    %pushi/vec4 0, 0, 1;
    %store/vec4 v0x560e6dc56630_0, 0, 1;
T_1.0 ;
    %delay 3, 0;
    %load/vec4 v0x560e6dc56630_0;
    %inv;
    %store/vec4 v0x560e6dc56630_0, 0, 1;
    %jmp T_1.0;
    %end;
    .thread T_1;
    .scope S_0x560e6dc3e090;
T_2 ;
    %delay 1500, 0;
    %vpi_call 2 30 "$finish" {0 0 0};
    %end;
    .thread T_2;
    .scope S_0x560e6dc3e090;
T_3 ;
    %delay 10, 0;
    %pushi/vec4 1, 0, 1;
    %store/vec4 v0x560e6dc56b00_0, 0, 1;
    %delay 30, 0;
    %pushi/vec4 0, 0, 1;
    %store/vec4 v0x560e6dc56b00_0, 0, 1;
    %delay 420, 0;
    %pushi/vec4 1, 0, 1;
    %store/vec4 v0x560e6dc56b00_0, 0, 1;
    %delay 460, 0;
    %pushi/vec4 0, 0, 1;
    %store/vec4 v0x560e6dc56b00_0, 0, 1;
    %end;
    .thread T_3;
    .scope S_0x560e6dc3e090;
T_4 ;
    %delay 10, 0;
    %pushi/vec4 1, 0, 4;
    %store/vec4 v0x560e6dc566f0_0, 0, 4;
T_4.0 ;
    %delay 1, 0;
    %load/vec4 v0x560e6dc566f0_0;
    %addi 1, 0, 4;
    %store/vec4 v0x560e6dc566f0_0, 0, 4;
    %jmp T_4.0;
    %end;
    .thread T_4;
    .scope S_0x560e6dc3e090;
T_5 ;
    %fork t_1, S_0x560e6dc3e090;
    %fork t_2, S_0x560e6dc3e090;
    %fork t_3, S_0x560e6dc3e090;
    %fork t_4, S_0x560e6dc3e090;
    %fork t_5, S_0x560e6dc3e090;
    %fork t_6, S_0x560e6dc3e090;
    %fork t_7, S_0x560e6dc3e090;
    %fork t_8, S_0x560e6dc3e090;
    %fork t_9, S_0x560e6dc3e090;
    %fork t_10, S_0x560e6dc3e090;
    %fork t_11, S_0x560e6dc3e090;
    %fork t_12, S_0x560e6dc3e090;
    %join;
    %join;
    %join;
    %join;
    %join;
    %join;
    %join;
    %join;
    %join;
    %join;
    %join;
    %join;
    %jmp t_0;
t_1 ;
    %delay 80, 0;
    %end;
t_2 ;
    %pushi/vec4 1, 0, 1;
    %store/vec4 v0x560e6dc56bd0_0, 0, 1;
    %end;
t_3 ;
    %delay 180, 0;
    %end;
t_4 ;
    %pushi/vec4 0, 0, 1;
    %store/vec4 v0x560e6dc56bd0_0, 0, 1;
    %end;
t_5 ;
    %delay 250, 0;
    %end;
t_6 ;
    %pushi/vec4 1, 0, 1;
    %store/vec4 v0x560e6dc56a30_0, 0, 1;
    %end;
t_7 ;
    %delay 350, 0;
    %end;
t_8 ;
    %pushi/vec4 0, 0, 1;
    %store/vec4 v0x560e6dc56a30_0, 0, 1;
    %end;
t_9 ;
    %delay 420, 0;
    %end;
t_10 ;
    %pushi/vec4 1, 0, 1;
    %store/vec4 v0x560e6dc56bd0_0, 0, 1;
    %end;
t_11 ;
    %delay 480, 0;
    %end;
t_12 ;
    %pushi/vec4 0, 0, 1;
    %store/vec4 v0x560e6dc56bd0_0, 0, 1;
    %end;
    .scope S_0x560e6dc3e090;
t_0 ;
    %end;
    .thread T_5;
    .scope S_0x560e6dc3e090;
T_6 ;
    %vpi_call 2 59 "$dumpfile", "fifo_tb.vcd" {0 0 0};
    %vpi_call 2 60 "$dumpvars" {0 0 0};
    %end;
    .thread T_6;
# The file index is used to find the file name in the following table.
:file_names 4;
    "N/A";
    "<interactive>";
    "fifo_tb.v";
    "fifo.v";
